app/build/intermediates/manifest_merge_blame_file/debug/manifest-merger-blame-debug-report.txt
1<?xml version="1.0" encoding="utf-8"?>
2<manifest xmlns:android="http://schemas.android.com/apk/res/android"
3    package="com.android.example.wordlistsql"
4    android:versionCode="1"
5    android:versionName="1.0" >
6
7    <uses-sdk
8        android:minSdkVersion="30"
8-->src\main\AndroidManifest.xml
9        android:targetSdkVersion="32" />
9-->src\main\AndroidManifest.xml
10
11    <application
11-->src\main\AndroidManifest.xml:4:5-27:19
12        android:allowBackup="true"
12-->src\main\AndroidManifest.xml:5:9-35
13        android:appComponentFactory="androidx.core.app.CoreComponentFactory"
13-->[androidx.core:core:1.7.0] AndroidManifest.xml:24:18-86
14        android:debuggable="true"
15        android:extractNativeLibs="false"
16        android:icon="@mipmap/ic_launcher"
16-->src\main\AndroidManifest.xml:6:9-43
17        android:label="@string/app_name"
17-->src\main\AndroidManifest.xml:7:9-41
18        android:supportsRtl="true"
18-->src\main\AndroidManifest.xml:8:9-35
19        android:testOnly="true"
20        android:theme="@style/AppTheme" >
20-->src\main\AndroidManifest.xml:9:9-40
21        <activity
21-->src\main\AndroidManifest.xml:10:9-16:20
22            android:name="com.android.example.wordlistsql.SearchActivity"
22-->src\main\AndroidManifest.xml:11:13-43
23            android:exported="false" >
23-->src\main\AndroidManifest.xml:12:13-37
24            <meta-data
24-->src\main\AndroidManifest.xml:13:13-15:36
25                android:name="android.app.lib_name"
25-->src\main\AndroidManifest.xml:14:17-52
26                android:value="" />
26-->src\main\AndroidManifest.xml:15:17-33
27        </activity>
28        <activity
28-->src\main\AndroidManifest.xml:17:9-25:20
29            android:name="com.android.example.wordlistsql.MainActivity"
29-->src\main\AndroidManifest.xml:18:13-41
30            android:exported="true" >
30-->src\main\AndroidManifest.xml:19:13-36
31            <intent-filter>
31-->src\main\AndroidManifest.xml:20:13-24:29
32                <action android:name="android.intent.action.MAIN" />
32-->src\main\AndroidManifest.xml:21:17-69
32-->src\main\AndroidManifest.xml:21:25-66
33
34                <category android:name="android.intent.category.LAUNCHER" />
34-->src\main\AndroidManifest.xml:23:17-77
34-->src\main\AndroidManifest.xml:23:27-74
35            </intent-filter>
36        </activity>
37        <activity android:name="com.android.example.wordlistsql.EditWordActivity" />
37-->src\main\AndroidManifest.xml:26:9-54
37-->src\main\AndroidManifest.xml:26:19-51
38
39        <provider
39-->[androidx.emoji2:emoji2:1.0.0] AndroidManifest.xml:26:9-34:20
40            android:name="androidx.startup.InitializationProvider"
40-->[androidx.emoji2:emoji2:1.0.0] AndroidManifest.xml:27:13-67
41            android:authorities="com.android.example.wordlistsql.androidx-startup"
41-->[androidx.emoji2:emoji2:1.0.0] AndroidManifest.xml:28:13-68
42            android:exported="false" >
42-->[androidx.emoji2:emoji2:1.0.0] AndroidManifest.xml:29:13-37
43            <meta-data
43-->[androidx.emoji2:emoji2:1.0.0] AndroidManifest.xml:31:13-33:52
44                android:name="androidx.emoji2.text.EmojiCompatInitializer"
44-->[androidx.emoji2:emoji2:1.0.0] AndroidManifest.xml:32:17-75
45                android:value="androidx.startup" />
45-->[androidx.emoji2:emoji2:1.0.0] AndroidManifest.xml:33:17-49
46            <meta-data
46-->[androidx.lifecycle:lifecycle-process:2.4.0] AndroidManifest.xml:31:13-33:52
47                android:name="androidx.lifecycle.ProcessLifecycleInitializer"
47-->[androidx.lifecycle:lifecycle-process:2.4.0] AndroidManifest.xml:32:17-78
48                android:value="androidx.startup" />
48-->[androidx.lifecycle:lifecycle-process:2.4.0] AndroidManifest.xml:33:17-49
49        </provider>
50    </application>
51
52</manifest>